-------------------------------------------------------------------------------
Test set: com.app.MavenSpringBootMvcAopRestApiCrudWithAngular6AndMongodb.MavenSpringBootMvcAopRestApiCrudWithAngular6AndMongodbApplicationTests
-------------------------------------------------------------------------------
Tests run: 1, Failures: 0, Errors: 0, Skipped: 0, Time elapsed: 26.069 s - in com.app.MavenSpringBootMvcAopRestApiCrudWithAngular6AndMongodb.MavenSpringBootMvcAopRestApiCrudWithAngular6AndMongodbApplicationTests
